            --------------------------------------------------------
                             AMBER SQM VERSION 19
 
                                     By
              Ross C. Walker, Michael F. Crowley, Scott Brozell,
                         Tim Giese, Andreas W. Goetz,
                        Tai-Sung Lee and David A. Case
 
            --------------------------------------------------------
 

--------------------------------------------------------------------------------
  QM CALCULATION INFO
--------------------------------------------------------------------------------

| QMMM: Citation for AMBER QMMM Run:
| QMMM: R.C. Walker, M.F. Crowley and D.A. Case, J. COMP. CHEM. 29:1019, 2008

QMMM: SINGLET STATE CALCULATION
QMMM: RHF CALCULATION, NO. OF DOUBLY OCCUPIED LEVELS = 94

| QMMM: *** Selected Hamiltonian *** 
| QMMM: AM1         

| QMMM: *** Parameter sets in use ***
| QMMM: C : M.J.S.DEWAR et al. JACS, 107, 3902, (1985)
| QMMM: N : M.J.S.DEWAR et al. JACS, 107, 3902, (1985)
| QMMM: O : M.J.S.DEWAR et al. JACS, 107, 3902, (1985)
| QMMM: H : M.J.S.DEWAR et al. JACS, 107, 3902, (1985)

| QMMM: *** SCF convergence criteria ***
| QMMM: Energy change                :  0.1D-09 kcal/mol
| QMMM: Error matrix |FP-PF|         :  0.1D+00 au
| QMMM: Density matrix change        :  0.5D-06
| QMMM: Maximum number of SCF cycles :     1000

| QMMM: *** Diagonalization Routine Information ***
| QMMM: Pseudo diagonalizations are allowed.
| QMMM: Auto diagonalization routine selection is in use.
| QMMM:
| QMMM: Timing diagonalization routines:
| QMMM:                              norbs =      173
| QMMM:    diag iterations used for timing =        5
| QMMM:
| QMMM:              Internal diag routine = 0.062070 seconds
| QMMM:                 Dspev diag routine = 0.038874 seconds
| QMMM:                Dspevd diag routine = 0.538121 seconds
| QMMM:                Dspevx diag routine = 0.180389 seconds
| QMMM:                 Dsyev diag routine = 0.508503 seconds
| QMMM:                Dsyevd diag routine = 1.103239 seconds
| QMMM:                Dsyevr diag routine = 0.739777 seconds
| QMMM:
| QMMM:                Pseudo diag routine = 0.013961 seconds
| QMMM:
| QMMM: Using dspev routine (diag_routine=2).

  QMMM: QM Region Cartesian Coordinates (*=link atom) 
  QMMM: QM_NO.   MM_NO.  ATOM         X         Y         Z
  QMMM:     1        1      C        3.6070    1.3150   -0.3040
  QMMM:     2        2      C        2.3350    1.4980   -0.8420
  QMMM:     3        3      C       -4.7250    0.6730    0.1190
  QMMM:     4        4      C       -4.9360    1.7180   -0.7710
  QMMM:     5        5      C       -6.1840    2.3190   -0.8720
  QMMM:     6        6      C        2.0620    2.6280   -1.5990
  QMMM:     7        7      C        5.6900    0.9070    1.8200
  QMMM:     8        8      C        6.9840    0.7250    2.2700
  QMMM:     9        9      C        7.7450   -0.3230    1.7870
  QMMM:    10       10      C        7.2120   -1.1950    0.8490
  QMMM:    11       11      C        5.9140   -1.0150    0.3960
  QMMM:    12       12      C        5.1520    0.0370    0.8820
  QMMM:    13       13      C        3.0510    3.5680   -1.8180
  QMMM:    14       14      C        4.3140    3.3860   -1.2840
  QMMM:    15       15      C        4.5930    2.2630   -0.5280
  QMMM:    16       16      C       -5.8440    0.2180    0.9420
  QMMM:    17       17      C       -7.0980    0.8610    0.8060
  QMMM:    18       18      C       -7.2380    1.9170   -0.1110
  QMMM:    19       19      C       -5.7000   -0.8330    1.8550
  QMMM:    20       20      C       -6.7690   -1.2260    2.6030
  QMMM:    21       21      C       -8.0040   -0.5960    2.4730
  QMMM:    22       22      C       -8.1790    0.4300    1.5940
  QMMM:    23       23      C       -3.4010    0.0320    0.2270
  QMMM:    24       24      C       -1.0380   -0.1050   -0.3500
  QMMM:    25       25      C        0.0360    0.9060   -0.6580
  QMMM:    26       26      C       -0.9490   -1.2630   -1.3450
  QMMM:    27       27      C       -1.9560   -2.3470   -0.9580
  QMMM:    28       28      C       -1.8690   -3.4880   -1.9390
  QMMM:    29       29      C        9.2900   -2.3500    0.8860
  QMMM:    30       30      N       -2.3530    0.5320   -0.4570
  QMMM:    31       31      N        1.3340    0.5440   -0.6200
  QMMM:    32       32      O       -3.2560   -0.9460    0.9340
  QMMM:    33       33      O       -1.0810   -3.4390   -2.8540
  QMMM:    34       34      O       -2.6650   -4.5590   -1.7960
  QMMM:    35       35      O       -0.2670    2.0460   -0.9390
  QMMM:    36       36      O        3.8780    0.2120    0.4430
  QMMM:    37       37      O        7.9610   -2.2250    0.3750
  QMMM:    38       38      H       -4.1230    2.0650   -1.3910
  QMMM:    39       39      H       -6.3210    3.1300   -1.5720
  QMMM:    40       40      H        1.0770    2.7730   -2.0180
  QMMM:    41       41      H        5.0960    1.7240    2.2010
  QMMM:    42       42      H        7.4010    1.4030    2.9990
  QMMM:    43       43      H        8.7560   -0.4630    2.1400
  QMMM:    44       44      H        5.4970   -1.6940   -0.3340
  QMMM:    45       45      H        2.8380    4.4480   -2.4070
  QMMM:    46       46      H        5.0840    4.1230   -1.4580
  QMMM:    47       47      H        5.5800    2.1240   -0.1120
  QMMM:    48       48      H       -8.1930    2.4100   -0.2180
  QMMM:    49       49      H       -4.7480   -1.3300    1.9650
  QMMM:    50       50      H       -6.6580   -2.0370    3.3070
  QMMM:    51       51      H       -8.8370   -0.9260    3.0770
  QMMM:    52       52      H       -9.1430    0.9090    1.5030
  QMMM:    53       53      H       -0.9000   -0.4850    0.6630
  QMMM:    54       54      H       -1.1750   -0.8990   -2.3480
  QMMM:    55       55      H        0.0580   -1.6800   -1.3290
  QMMM:    56       56      H       -1.7310   -2.7120    0.0440
  QMMM:    57       57      H       -2.9630   -1.9300   -0.9750
  QMMM:    58       58      H        9.8540   -1.4460    0.6550
  QMMM:    59       59      H        9.2520   -2.4880    1.9670
  QMMM:    60       60      H        9.7760   -3.2100    0.4260
  QMMM:    61       61      H       -2.4690    1.3120   -1.0210
  QMMM:    62       62      H        1.5750   -0.3790   -0.4390

--------------------------------------------------------------------------------
  RESULTS
--------------------------------------------------------------------------------

      iter         sqm energy              rms gradient
      ----    -------------------    -----------------------
xmin    10     -143.8710 kcal/mol        2.9213 kcal/(mol*A)
xmin    20     -151.5210 kcal/mol        1.5640 kcal/(mol*A)
xmin    30     -152.0970 kcal/mol        0.2210 kcal/(mol*A)
xmin    40     -152.5443 kcal/mol        0.2510 kcal/(mol*A)
xmin    50     -152.7850 kcal/mol        0.7075 kcal/(mol*A)
xmin    60     -153.1975 kcal/mol        0.6051 kcal/(mol*A)
xmin    70     -153.3919 kcal/mol        0.2664 kcal/(mol*A)
xmin    80     -153.6883 kcal/mol        1.0444 kcal/(mol*A)
xmin    90     -154.1276 kcal/mol        0.1208 kcal/(mol*A)
xmin   100     -154.2688 kcal/mol        0.1075 kcal/(mol*A)
xmin   110     -154.3708 kcal/mol        0.1276 kcal/(mol*A)
xmin   120     -154.4436 kcal/mol        0.1229 kcal/(mol*A)
xmin   130     -154.4843 kcal/mol        0.0592 kcal/(mol*A)
xmin   140     -154.5514 kcal/mol        0.1311 kcal/(mol*A)
xmin   150     -154.5956 kcal/mol        0.0554 kcal/(mol*A)
xmin   160     -154.6754 kcal/mol        0.3117 kcal/(mol*A)
xmin   170     -154.7269 kcal/mol        0.1292 kcal/(mol*A)
xmin   180     -154.7529 kcal/mol        0.1680 kcal/(mol*A)
xmin   190     -154.7662 kcal/mol        0.0466 kcal/(mol*A)
xmin   200     -154.7777 kcal/mol        0.0388 kcal/(mol*A)
xmin   210     -154.7856 kcal/mol        0.0674 kcal/(mol*A)
xmin   220     -154.7972 kcal/mol        0.0454 kcal/(mol*A)
xmin   230     -154.8007 kcal/mol        0.0886 kcal/(mol*A)
xmin   240     -154.8078 kcal/mol        0.0437 kcal/(mol*A)
xmin   250     -154.8121 kcal/mol        0.0531 kcal/(mol*A)
xmin   260     -154.8315 kcal/mol        0.0868 kcal/(mol*A)
xmin   270     -154.8407 kcal/mol        0.0894 kcal/(mol*A)
xmin   280     -154.8464 kcal/mol        0.0165 kcal/(mol*A)
xmin   290     -154.8525 kcal/mol        0.0235 kcal/(mol*A)
xmin   300     -154.8738 kcal/mol        0.2099 kcal/(mol*A)
xmin   310     -154.9081 kcal/mol        0.1938 kcal/(mol*A)
xmin   320     -154.9133 kcal/mol        0.0796 kcal/(mol*A)
xmin   330     -154.9164 kcal/mol        0.0388 kcal/(mol*A)
xmin   340     -154.7838 kcal/mol        0.9357 kcal/(mol*A)
xmin   350     -154.9153 kcal/mol        0.0494 kcal/(mol*A)
xmin   360     -154.9218 kcal/mol        0.0305 kcal/(mol*A)
xmin   370     -154.9228 kcal/mol        0.0240 kcal/(mol*A)
xmin   380     -154.9236 kcal/mol        0.0095 kcal/(mol*A)
xmin   390     -154.8723 kcal/mol        0.1583 kcal/(mol*A)
xmin   400     -154.9192 kcal/mol        0.0413 kcal/(mol*A)
xmin   410     -154.9205 kcal/mol        0.0162 kcal/(mol*A)
xmin   420     -154.9215 kcal/mol        0.0239 kcal/(mol*A)
xmin   430     -154.9237 kcal/mol        0.0381 kcal/(mol*A)
xmin   440     -154.9247 kcal/mol        0.0079 kcal/(mol*A)
xmin   450     -154.9250 kcal/mol        0.0100 kcal/(mol*A)
xmin   460     -154.9260 kcal/mol        0.0087 kcal/(mol*A)
xmin   470     -154.9262 kcal/mol        0.0364 kcal/(mol*A)
xmin   480     -154.9271 kcal/mol        0.0339 kcal/(mol*A)
xmin   490     -154.9277 kcal/mol        0.0173 kcal/(mol*A)
xmin   500     -154.9284 kcal/mol        0.0110 kcal/(mol*A)
xmin   510     -154.9286 kcal/mol        0.0030 kcal/(mol*A)
xmin   520     -154.9286 kcal/mol        0.0045 kcal/(mol*A)
xmin   530     -154.9290 kcal/mol        0.0060 kcal/(mol*A)
xmin   540     -154.9291 kcal/mol        0.0015 kcal/(mol*A)
xmin   550     -154.9291 kcal/mol        0.0020 kcal/(mol*A)
xmin   560     -154.9292 kcal/mol        0.0045 kcal/(mol*A)
xmin   570     -154.9292 kcal/mol        0.0038 kcal/(mol*A)
xmin   580     -154.9293 kcal/mol        0.0029 kcal/(mol*A)
xmin   590     -154.9293 kcal/mol        0.0092 kcal/(mol*A)
xmin   600     -154.9293 kcal/mol        0.0041 kcal/(mol*A)
xmin   610     -154.9293 kcal/mol        0.0026 kcal/(mol*A)
xmin   620     -154.9293 kcal/mol        0.0009 kcal/(mol*A)
xmin   630     -154.9293 kcal/mol        0.0022 kcal/(mol*A)
xmin   640     -154.9294 kcal/mol        0.0015 kcal/(mol*A)
xmin   650     -154.9294 kcal/mol        0.0077 kcal/(mol*A)
xmin   660     -154.9281 kcal/mol        0.0570 kcal/(mol*A)
xmin   670     -154.9289 kcal/mol        0.0172 kcal/(mol*A)
xmin   680     -154.9288 kcal/mol        0.0132 kcal/(mol*A)
xmin   690     -154.9293 kcal/mol        0.0077 kcal/(mol*A)
xmin   700     -154.9294 kcal/mol        0.0030 kcal/(mol*A)
xmin   710     -154.9294 kcal/mol        0.0006 kcal/(mol*A)
  ... geometry converged !
 
 Final MO eigenvalues (eV):
 -39.3965  -39.2610  -38.5231  -37.8669  -36.9884  -36.3645  -35.1849  -35.1556
 -34.1386  -33.4485  -32.9385  -31.6853  -30.0736  -30.0219  -29.3595  -29.1893
 -29.0815  -28.5766  -28.2238  -27.8942  -26.1432  -25.3009  -23.1506  -22.3133
 -22.1853  -22.0619  -21.6454  -21.6201  -20.4202  -19.9535  -19.3729  -18.7828
 -17.8954  -16.9669  -16.8067  -16.4689  -16.0579  -15.8860  -15.6939  -15.2840
 -15.1851  -15.0902  -15.0010  -14.8815  -14.7043  -14.5033  -14.2300  -13.8031
 -13.7204  -13.4022  -13.3072  -13.0616  -12.9531  -12.7896  -12.7296  -12.6871
 -12.5962  -12.4832  -12.2834  -12.2312  -11.9992  -11.7389  -11.6088  -11.4020
 -11.3550  -11.3244  -11.1547  -10.9275  -10.7998  -10.6364  -10.5469  -10.5027
 -10.3874  -10.2850  -10.2262   -9.9564   -9.8206   -9.6711   -9.4625   -9.1489
  -9.0963   -8.8496   -8.6060   -7.9733   -7.9285   -7.8324   -7.7166   -7.6384
  -7.3306   -7.1844   -6.9170   -5.1333   -4.8252   -4.5829    1.1479    1.6946
   1.8978    2.1242    2.1496    2.1799    2.6029    3.3473    3.5592    3.6594
   3.7761    3.8255    4.2585    4.3923    4.5095    4.6039    4.7909    5.2135
   5.3301    5.3619    5.4386    5.4811    5.4974    5.5106    5.5740    5.5928
   5.6000    5.6501    5.6900    5.7047    5.7645    5.8230    5.8994    5.9463
   5.9473    5.9923    6.0089    6.1620    6.1691    6.2185    6.2288    6.3509
   6.5820    6.6007    6.6090    6.6649    6.7449    6.8083    6.8245    6.8379
   6.9139    6.9824    6.9920    7.0388    7.1960    7.2136    7.2215    7.2238
   7.2738    7.3219    7.3384    7.3709    7.4576    7.6440    7.6542    7.7450
   7.8724    8.0547    8.1829    8.2527    8.2785    8.4268    8.6849    8.7690
   8.9280    9.0283    9.1391   12.4108   13.3654

 Heat of formation   =       -154.92941955 kcal/mol  (       -6.71824377 eV)

 Total SCF energy    =    -147437.70234028 kcal/mol  (    -6393.37853260 eV)
 Electronic energy   =   -1262478.71815366 kcal/mol  (   -54745.18529785 eV)
 Core-core repulsion =    1115041.01581338 kcal/mol  (    48351.80676525 eV)
 
    Atomic Charges for Step       1 :
  Atom    Element       Mulliken Charge
     1      C                 -0.029
     2      C                  0.102
     3      C                 -0.090
     4      C                 -0.103
     5      C                 -0.135
     6      C                 -0.160
     7      C                 -0.212
     8      C                 -0.066
     9      C                 -0.231
    10      C                  0.098
    11      C                 -0.178
    12      C                  0.095
    13      C                 -0.106
    14      C                 -0.169
    15      C                 -0.102
    16      C                 -0.004
    17      C                 -0.042
    18      C                 -0.110
    19      C                 -0.098
    20      C                 -0.132
    21      C                 -0.126
    22      C                 -0.128
    23      C                  0.347
    24      C                  0.015
    25      C                  0.295
    26      C                 -0.156
    27      C                 -0.234
    28      C                  0.331
    29      C                 -0.074
    30      N                 -0.343
    31      N                 -0.315
    32      O                 -0.377
    33      O                 -0.583
    34      O                 -0.570
    35      O                 -0.375
    36      O                 -0.159
    37      O                 -0.211
    38      H                  0.150
    39      H                  0.131
    40      H                  0.177
    41      H                  0.152
    42      H                  0.133
    43      H                  0.133
    44      H                  0.168
    45      H                  0.128
    46      H                  0.127
    47      H                  0.142
    48      H                  0.127
    49      H                  0.163
    50      H                  0.133
    51      H                  0.125
    52      H                  0.125
    53      H                  0.134
    54      H                  0.085
    55      H                  0.129
    56      H                  0.067
    57      H                  0.069
    58      H                  0.063
    59      H                  0.079
    60      H                  0.100
    61      H                  0.240
    62      H                  0.256
 Total Mulliken Charge =      -1.000
 
                  X        Y        Z     TOTAL  
  QM DIPOLE     1.693   14.668   17.733   23.075
 
 Final Structure

  QMMM: QM Region Cartesian Coordinates (*=link atom) 
  QMMM: QM_NO.   MM_NO.  ATOM         X         Y         Z
  QMMM:     1        1      C        3.9172    1.7553   -1.7252
  QMMM:     2        2      C        2.5413    1.9824   -2.0204
  QMMM:     3        3      C       -3.4555    0.7637    0.9007
  QMMM:     4        4      C       -3.9861    1.9131    0.3564
  QMMM:     5        5      C       -5.2827    2.3444    0.7217
  QMMM:     6        6      C        2.2071    3.2317   -2.5937
  QMMM:     7        7      C        3.8143    1.1730    1.0109
  QMMM:     8        8      C        3.8577    0.8408    2.3617
  QMMM:     9        9      C        4.4390   -0.3516    2.7902
  QMMM:    10       10      C        4.9822   -1.2258    1.8392
  QMMM:    11       11      C        4.9507   -0.9242    0.4691
  QMMM:    12       12      C        4.3583    0.2832    0.0750
  QMMM:    13       13      C        3.1887    4.1829   -2.8458
  QMMM:    14       14      C        4.5287    3.9375   -2.5483
  QMMM:    15       15      C        4.8943    2.7186   -1.9864
  QMMM:    16       16      C       -4.2045   -0.0109    1.8341
  QMMM:    17       17      C       -5.5099    0.4232    2.1862
  QMMM:    18       18      C       -6.0295    1.6159    1.6137
  QMMM:    19       19      C       -3.6953   -1.2040    2.4195
  QMMM:    20       20      C       -4.4562   -1.9280    3.3038
  QMMM:    21       21      C       -5.7594   -1.4971    3.6498
  QMMM:    22       22      C       -6.2741   -0.3470    3.1056
  QMMM:    23       23      C       -2.0702    0.3416    0.5192
  QMMM:    24       24      C       -0.5610   -0.1868   -1.3691
  QMMM:    25       25      C        0.2201    1.1086   -1.7366
  QMMM:    26       26      C       -0.6328   -1.0436   -2.6440
  QMMM:    27       27      C       -1.3166   -2.3665   -2.4130
  QMMM:    28       28      C       -1.0157   -3.3435   -3.5710
  QMMM:    29       29      C        5.4052   -2.8964    3.4776
  QMMM:    30       30      N       -1.8557    0.1230   -0.8229
  QMMM:    31       31      N        1.6058    0.9858   -1.7403
  QMMM:    32       32      O       -1.1673    0.1888    1.3685
  QMMM:    33       33      O        0.1476   -3.3380   -4.0661
  QMMM:    34       34      O       -1.9500   -4.1047   -3.9457
  QMMM:    35       35      O       -0.3574    2.1754   -2.0148
  QMMM:    36       36      O        4.3424    0.4933   -1.2998
  QMMM:    37       37      O        5.6083   -2.4193    2.1535
  QMMM:    38       38      H       -3.4058    2.5127   -0.3635
  QMMM:    39       39      H       -5.6804    3.2678    0.2759
  QMMM:    40       40      H        1.1573    3.4571   -2.8462
  QMMM:    41       41      H        3.3474    2.1108    0.6777
  QMMM:    42       42      H        3.4190    1.5268    3.1020
  QMMM:    43       43      H        4.4586   -0.5972    3.8596
  QMMM:    44       44      H        5.3670   -1.6193   -0.2721
  QMMM:    45       45      H        2.8968    5.1451   -3.2936
  QMMM:    46       46      H        5.2930    4.6981   -2.7579
  QMMM:    47       47      H        5.9445    2.4943   -1.7491
  QMMM:    48       48      H       -7.0415    1.9397    1.8991
  QMMM:    49       49      H       -2.6741   -1.5264    2.1537
  QMMM:    50       50      H       -4.0619   -2.8524    3.7510
  QMMM:    51       51      H       -6.3504   -2.0966    4.3572
  QMMM:    52       52      H       -7.2852   -0.0017    3.3668
  QMMM:    53       53      H        0.0146   -0.7496   -0.5719
  QMMM:    54       54      H       -1.1601   -0.4764   -3.4540
  QMMM:    55       55      H        0.4159   -1.2456   -2.9983
  QMMM:    56       56      H       -0.9443   -2.8381   -1.4690
  QMMM:    57       57      H       -2.4228   -2.2351   -2.3220
  QMMM:    58       58      H        5.9376   -2.2437    4.2120
  QMMM:    59       59      H        4.3169   -2.9517    3.7221
  QMMM:    60       60      H        5.8596   -3.9193    3.4600
  QMMM:    61       61      H       -2.5886    0.2893   -1.4723
  QMMM:    62       62      H        1.9871    0.0833   -1.5393

           --------- Calculation Completed ----------

