            --------------------------------------------------------
                             AMBER SQM VERSION 19
 
                                     By
              Ross C. Walker, Michael F. Crowley, Scott Brozell,
                         Tim Giese, Andreas W. Goetz,
                        Tai-Sung Lee and David A. Case
 
            --------------------------------------------------------
 

--------------------------------------------------------------------------------
  QM CALCULATION INFO
--------------------------------------------------------------------------------

| QMMM: Citation for AMBER QMMM Run:
| QMMM: R.C. Walker, M.F. Crowley and D.A. Case, J. COMP. CHEM. 29:1019, 2008

QMMM: SINGLET STATE CALCULATION
QMMM: RHF CALCULATION, NO. OF DOUBLY OCCUPIED LEVELS = 94

| QMMM: *** Selected Hamiltonian *** 
| QMMM: AM1         

| QMMM: *** Parameter sets in use ***
| QMMM: C : M.J.S.DEWAR et al. JACS, 107, 3902, (1985)
| QMMM: N : M.J.S.DEWAR et al. JACS, 107, 3902, (1985)
| QMMM: O : M.J.S.DEWAR et al. JACS, 107, 3902, (1985)
| QMMM: H : M.J.S.DEWAR et al. JACS, 107, 3902, (1985)

| QMMM: *** SCF convergence criteria ***
| QMMM: Energy change                :  0.1D-09 kcal/mol
| QMMM: Error matrix |FP-PF|         :  0.1D+00 au
| QMMM: Density matrix change        :  0.5D-06
| QMMM: Maximum number of SCF cycles :     1000

| QMMM: *** Diagonalization Routine Information ***
| QMMM: Pseudo diagonalizations are allowed.
| QMMM: Auto diagonalization routine selection is in use.
| QMMM:
| QMMM: Timing diagonalization routines:
| QMMM:                              norbs =      174
| QMMM:    diag iterations used for timing =        5
| QMMM:
| QMMM:              Internal diag routine = 0.052176 seconds
| QMMM:                 Dspev diag routine = 0.058114 seconds
| QMMM:                Dspevd diag routine = 0.385795 seconds
| QMMM:                Dspevx diag routine = 0.146402 seconds
| QMMM:                 Dsyev diag routine = 0.128189 seconds
| QMMM:                Dsyevd diag routine = 0.607340 seconds
| QMMM:                Dsyevr diag routine = 0.579073 seconds
| QMMM:
| QMMM:                Pseudo diag routine = 0.029655 seconds
| QMMM:
| QMMM: Using internal diagonalization routine (diag_routine=1).

  QMMM: QM Region Cartesian Coordinates (*=link atom) 
  QMMM: QM_NO.   MM_NO.  ATOM         X         Y         Z
  QMMM:     1        1      C        3.6070    1.3150   -0.3040
  QMMM:     2        2      C        2.3350    1.4980   -0.8420
  QMMM:     3        3      C       -4.7250    0.6730    0.1190
  QMMM:     4        4      C       -4.9360    1.7180   -0.7710
  QMMM:     5        5      C       -6.1840    2.3190   -0.8720
  QMMM:     6        6      C        2.0620    2.6280   -1.5990
  QMMM:     7        7      C        5.6900    0.9070    1.8200
  QMMM:     8        8      C        6.9840    0.7250    2.2700
  QMMM:     9        9      C        7.7450   -0.3230    1.7870
  QMMM:    10       10      C        7.2120   -1.1950    0.8490
  QMMM:    11       11      C        5.9140   -1.0150    0.3960
  QMMM:    12       12      C        5.1520    0.0370    0.8820
  QMMM:    13       13      C        3.0510    3.5680   -1.8180
  QMMM:    14       14      C        4.3140    3.3860   -1.2840
  QMMM:    15       15      C        4.5930    2.2630   -0.5280
  QMMM:    16       16      C       -5.8440    0.2180    0.9420
  QMMM:    17       17      C       -7.0980    0.8610    0.8060
  QMMM:    18       18      C       -7.2380    1.9170   -0.1110
  QMMM:    19       19      C       -5.7000   -0.8330    1.8550
  QMMM:    20       20      C       -6.7690   -1.2260    2.6030
  QMMM:    21       21      C       -8.0040   -0.5960    2.4730
  QMMM:    22       22      C       -8.1790    0.4300    1.5940
  QMMM:    23       23      C       -3.4010    0.0320    0.2270
  QMMM:    24       24      C       -1.0380   -0.1050   -0.3500
  QMMM:    25       25      C        0.0360    0.9060   -0.6580
  QMMM:    26       26      C       -0.9490   -1.2630   -1.3450
  QMMM:    27       27      C       -1.9560   -2.3470   -0.9580
  QMMM:    28       28      C       -1.8690   -3.4880   -1.9390
  QMMM:    29       29      C        9.2900   -2.3500    0.8860
  QMMM:    30       30      N       -2.3530    0.5320   -0.4570
  QMMM:    31       31      N        1.3340    0.5440   -0.6200
  QMMM:    32       32      O       -3.2560   -0.9460    0.9340
  QMMM:    33       33      O       -1.0810   -3.4390   -2.8540
  QMMM:    34       34      O       -2.6650   -4.5590   -1.7960
  QMMM:    35       35      O       -0.2670    2.0460   -0.9390
  QMMM:    36       36      O        3.8780    0.2120    0.4430
  QMMM:    37       37      O        7.9610   -2.2250    0.3750
  QMMM:    38       38      H       -4.1230    2.0650   -1.3910
  QMMM:    39       39      H       -6.3210    3.1300   -1.5720
  QMMM:    40       40      H        1.0770    2.7730   -2.0180
  QMMM:    41       41      H        5.0960    1.7240    2.2010
  QMMM:    42       42      H        7.4010    1.4030    2.9990
  QMMM:    43       43      H        8.7560   -0.4630    2.1400
  QMMM:    44       44      H        5.4970   -1.6940   -0.3340
  QMMM:    45       45      H        2.8380    4.4480   -2.4070
  QMMM:    46       46      H        5.0840    4.1230   -1.4580
  QMMM:    47       47      H        5.5800    2.1240   -0.1120
  QMMM:    48       48      H       -8.1930    2.4100   -0.2180
  QMMM:    49       49      H       -4.7480   -1.3300    1.9650
  QMMM:    50       50      H       -6.6580   -2.0370    3.3070
  QMMM:    51       51      H       -8.8370   -0.9260    3.0770
  QMMM:    52       52      H       -9.1430    0.9090    1.5030
  QMMM:    53       53      H       -0.9000   -0.4850    0.6630
  QMMM:    54       54      H       -1.1750   -0.8990   -2.3480
  QMMM:    55       55      H        0.0580   -1.6800   -1.3290
  QMMM:    56       56      H       -1.7310   -2.7120    0.0440
  QMMM:    57       57      H       -2.9630   -1.9300   -0.9750
  QMMM:    58       58      H        9.8540   -1.4460    0.6550
  QMMM:    59       59      H        9.2520   -2.4880    1.9670
  QMMM:    60       60      H        9.7760   -3.2100    0.4260
  QMMM:    61       61      H       -2.4690    1.3120   -1.0210
  QMMM:    62       62      H        1.5750   -0.3790   -0.4390
  QMMM:    63       63      H       -2.5730   -5.2650   -2.4500

--------------------------------------------------------------------------------
  RESULTS
--------------------------------------------------------------------------------

      iter         sqm energy              rms gradient
      ----    -------------------    -----------------------
xmin    10     -127.1347 kcal/mol        0.8440 kcal/(mol*A)
xmin    20     -131.6668 kcal/mol        2.0847 kcal/(mol*A)
xmin    30     -133.2494 kcal/mol        0.1995 kcal/(mol*A)
xmin    40     -133.7193 kcal/mol        1.3748 kcal/(mol*A)
xmin    50     -133.9805 kcal/mol        0.5352 kcal/(mol*A)
xmin    60     -134.2274 kcal/mol        0.3062 kcal/(mol*A)
xmin    70     -134.4321 kcal/mol        0.3427 kcal/(mol*A)
xmin    80     -134.5116 kcal/mol        0.1984 kcal/(mol*A)
xmin    90     -134.5583 kcal/mol        0.0788 kcal/(mol*A)
xmin   100     -134.6323 kcal/mol        0.2770 kcal/(mol*A)
xmin   110     -134.6959 kcal/mol        0.1827 kcal/(mol*A)
xmin   120     -134.7304 kcal/mol        0.0710 kcal/(mol*A)
xmin   130     -134.7579 kcal/mol        0.1352 kcal/(mol*A)
xmin   140     -134.8039 kcal/mol        0.1811 kcal/(mol*A)
xmin   150     -134.8478 kcal/mol        0.0720 kcal/(mol*A)
xmin   160     -134.8636 kcal/mol        0.0761 kcal/(mol*A)
xmin   170     -134.8854 kcal/mol        0.1393 kcal/(mol*A)
xmin   180     -134.9111 kcal/mol        0.5104 kcal/(mol*A)
xmin   190     -134.9492 kcal/mol        0.0510 kcal/(mol*A)
xmin   200     -134.9511 kcal/mol        0.0550 kcal/(mol*A)
xmin   210     -134.7307 kcal/mol        0.7067 kcal/(mol*A)
xmin   220     -134.9534 kcal/mol        0.0885 kcal/(mol*A)
xmin   230     -134.9663 kcal/mol        0.0200 kcal/(mol*A)
xmin   240     -134.9767 kcal/mol        0.0496 kcal/(mol*A)
xmin   250     -134.9800 kcal/mol        0.0282 kcal/(mol*A)
xmin   260     -134.9823 kcal/mol        0.0300 kcal/(mol*A)
xmin   270     -134.9837 kcal/mol        0.0237 kcal/(mol*A)
xmin   280     -134.9859 kcal/mol        0.0334 kcal/(mol*A)
xmin   290     -134.9912 kcal/mol        0.0449 kcal/(mol*A)
xmin   300     -134.9931 kcal/mol        0.0121 kcal/(mol*A)
xmin   310     -134.9939 kcal/mol        0.0102 kcal/(mol*A)
xmin   320     -134.9955 kcal/mol        0.0132 kcal/(mol*A)
xmin   330     -134.9961 kcal/mol        0.0133 kcal/(mol*A)
xmin   340     -134.9964 kcal/mol        0.0060 kcal/(mol*A)
xmin   350     -134.9970 kcal/mol        0.0157 kcal/(mol*A)
xmin   360     -134.9991 kcal/mol        0.0259 kcal/(mol*A)
xmin   370     -134.9995 kcal/mol        0.0176 kcal/(mol*A)
xmin   380     -134.9997 kcal/mol        0.0126 kcal/(mol*A)
xmin   390     -135.0010 kcal/mol        0.0133 kcal/(mol*A)
xmin   400     -135.0012 kcal/mol        0.0091 kcal/(mol*A)
xmin   410     -135.0017 kcal/mol        0.0077 kcal/(mol*A)
xmin   420     -135.0024 kcal/mol        0.0164 kcal/(mol*A)
xmin   430     -135.0035 kcal/mol        0.0174 kcal/(mol*A)
xmin   440     -135.0042 kcal/mol        0.0065 kcal/(mol*A)
xmin   450     -135.0047 kcal/mol        0.0081 kcal/(mol*A)
xmin   460     -135.0050 kcal/mol        0.0049 kcal/(mol*A)
xmin   470     -135.0051 kcal/mol        0.0142 kcal/(mol*A)
xmin   480     -135.0051 kcal/mol        0.0029 kcal/(mol*A)
xmin   490     -135.0052 kcal/mol        0.0264 kcal/(mol*A)
xmin   500     -135.0053 kcal/mol        0.0018 kcal/(mol*A)
xmin   510     -135.0053 kcal/mol        0.0026 kcal/(mol*A)
xmin   520     -135.0053 kcal/mol        0.0037 kcal/(mol*A)
xmin   530     -135.0054 kcal/mol        0.0029 kcal/(mol*A)
xmin   540     -135.0054 kcal/mol        0.0035 kcal/(mol*A)
xmin   550     -135.0054 kcal/mol        0.0023 kcal/(mol*A)
xmin   560     -135.0055 kcal/mol        0.0020 kcal/(mol*A)
xmin   570     -135.0055 kcal/mol        0.0020 kcal/(mol*A)
xmin   580     -134.8918 kcal/mol        0.7334 kcal/(mol*A)
xmin   590     -135.0007 kcal/mol        0.0585 kcal/(mol*A)
xmin   600     -135.0041 kcal/mol        0.0166 kcal/(mol*A)
xmin   610     -135.0049 kcal/mol        0.0163 kcal/(mol*A)
xmin   620     -135.0054 kcal/mol        0.0080 kcal/(mol*A)
xmin   630     -135.0056 kcal/mol        0.0043 kcal/(mol*A)
xmin   640     -135.0057 kcal/mol        0.0028 kcal/(mol*A)
xmin   650     -135.0057 kcal/mol        0.0033 kcal/(mol*A)
xmin   660     -135.0056 kcal/mol        0.0120 kcal/(mol*A)
xmin   670     -135.0057 kcal/mol        0.0018 kcal/(mol*A)
xmin   680     -135.0057 kcal/mol        0.0017 kcal/(mol*A)
  ... geometry converged !
 
 Final MO eigenvalues (eV):
 -41.4733  -41.1760  -40.8696  -40.4750  -39.9833  -39.1335  -38.4038  -37.0310
 -36.9928  -36.7843  -36.3571  -35.7419  -34.0386  -33.2934  -31.8752  -31.2077
 -31.1362  -30.7496  -30.3298  -29.9033  -28.7284  -27.7843  -25.4013  -25.0398
 -24.1954  -23.9645  -23.8476  -23.4677  -23.0668  -22.2118  -21.5985  -21.4477
 -21.3384  -19.7316  -19.1601  -19.0532  -18.8701  -18.4776  -18.0152  -17.9174
 -17.6485  -17.3828  -17.3174  -17.0345  -16.9111  -16.8646  -16.6458  -16.5365
 -16.3494  -16.1808  -15.9322  -15.7983  -15.5195  -15.3736  -15.2946  -15.0536
 -14.7971  -14.7122  -14.5931  -14.5589  -14.4410  -14.3874  -14.3325  -14.1021
 -13.9874  -13.8472  -13.7234  -13.4934  -13.2304  -13.1692  -13.1053  -13.0121
 -12.8906  -12.6658  -12.5061  -12.4028  -12.3190  -12.2592  -12.1856  -12.1003
 -12.0196  -11.8259  -11.7435  -11.6357  -11.4255  -11.0817  -10.8937  -10.2903
  -9.8763   -9.6191   -9.4474   -9.1091   -8.9971   -8.9437   -0.7213   -0.0961
  -0.0790    0.1993    0.3646    0.4183    0.6522    0.9223    1.1314    1.1799
   1.4118    1.7760    1.8975    1.9552    2.1541    2.6004    2.6990    2.7274
   2.9179    2.9825    3.1934    3.2294    3.3916    3.4772    3.5469    3.6093
   3.6221    3.6461    3.6813    3.7414    3.8042    3.8267    3.8618    3.8996
   3.9244    3.9428    4.0123    4.0367    4.0583    4.1474    4.1616    4.1736
   4.1829    4.2070    4.2536    4.2586    4.2677    4.2982    4.3846    4.4151
   4.4847    4.6712    4.7837    4.8396    4.8562    4.9206    4.9659    5.0216
   5.0482    5.1041    5.1364    5.1537    5.1668    5.1846    5.2417    5.4474
   5.4512    5.4560    5.4793    5.5077    5.6256    5.7763    5.8421    5.8872
   5.9223    6.3141    6.3877    6.5600    6.6174    6.7078

 Heat of formation   =       -135.00573134 kcal/mol  (       -5.85428782 eV)

 Total SCF energy    =    -147732.69365511 kcal/mol  (    -6406.17031591 eV)
 Electronic energy   =   -1255294.27994535 kcal/mol  (   -54433.64467913 eV)
 Core-core repulsion =    1107561.58629024 kcal/mol  (    48027.47436322 eV)
 
    Atomic Charges for Step       1 :
  Atom    Element       Mulliken Charge
     1      C                 -0.012
     2      C                  0.078
     3      C                 -0.107
     4      C                 -0.095
     5      C                 -0.139
     6      C                 -0.151
     7      C                 -0.217
     8      C                 -0.065
     9      C                 -0.228
    10      C                  0.105
    11      C                 -0.183
    12      C                  0.092
    13      C                 -0.107
    14      C                 -0.147
    15      C                 -0.112
    16      C                 -0.001
    17      C                 -0.044
    18      C                 -0.093
    19      C                 -0.115
    20      C                 -0.121
    21      C                 -0.123
    22      C                 -0.119
    23      C                  0.346
    24      C                  0.004
    25      C                  0.286
    26      C                 -0.166
    27      C                 -0.154
    28      C                  0.304
    29      C                 -0.076
    30      N                 -0.360
    31      N                 -0.307
    32      O                 -0.355
    33      O                 -0.361
    34      O                 -0.317
    35      O                 -0.363
    36      O                 -0.171
    37      O                 -0.208
    38      H                  0.145
    39      H                  0.140
    40      H                  0.176
    41      H                  0.150
    42      H                  0.136
    43      H                  0.140
    44      H                  0.166
    45      H                  0.138
    46      H                  0.139
    47      H                  0.151
    48      H                  0.137
    49      H                  0.154
    50      H                  0.137
    51      H                  0.135
    52      H                  0.134
    53      H                  0.145
    54      H                  0.109
    55      H                  0.118
    56      H                  0.128
    57      H                  0.132
    58      H                  0.073
    59      H                  0.075
    60      H                  0.107
    61      H                  0.238
    62      H                  0.251
    63      H                  0.245
 Total Mulliken Charge =      -0.000
 
                  X        Y        Z     TOTAL  
  QM DIPOLE    -1.385    1.222    2.416    3.041
 
 Final Structure

  QMMM: QM Region Cartesian Coordinates (*=link atom) 
  QMMM: QM_NO.   MM_NO.  ATOM         X         Y         Z
  QMMM:     1        1      C        3.7452    1.5417   -1.6522
  QMMM:     2        2      C        2.3739    1.8119   -1.9302
  QMMM:     3        3      C       -3.6548    0.7325    0.9779
  QMMM:     4        4      C       -3.8549    2.0546    0.6394
  QMMM:     5        5      C       -5.0443    2.7182    1.0183
  QMMM:     6        6      C        2.0703    3.0399   -2.5558
  QMMM:     7        7      C        4.4447    1.2989    1.0525
  QMMM:     8        8      C        4.8992    1.1231    2.3566
  QMMM:     9        9      C        5.4473   -0.0900    2.7699
  QMMM:    10       10      C        5.5414   -1.1455    1.8524
  QMMM:    11       11      C        5.0950   -1.0003    0.5284
  QMMM:    12       12      C        4.5457    0.2312    0.1514
  QMMM:    13       13      C        3.0821    3.9405   -2.8756
  QMMM:    14       14      C        4.4171    3.6572   -2.5935
  QMMM:    15       15      C        4.7508    2.4529   -1.9803
  QMMM:    16       16      C       -4.6419    0.0129    1.7138
  QMMM:    17       17      C       -5.8405    0.6839    2.0754
  QMMM:    18       18      C       -6.0179    2.0475    1.7162
  QMMM:    19       19      C       -4.4763   -1.3473    2.0971
  QMMM:    20       20      C       -5.4606   -2.0032    2.7942
  QMMM:    21       21      C       -6.6587   -1.3359    3.1453
  QMMM:    22       22      C       -6.8435   -0.0215    2.7962
  QMMM:    23       23      C       -2.3823    0.0614    0.5810
  QMMM:    24       24      C       -0.7795   -0.2890   -1.2662
  QMMM:    25       25      C        0.0370    0.9624   -1.7100
  QMMM:    26       26      C       -0.8380   -1.2185   -2.4893
  QMMM:    27       27      C       -1.5151   -2.5286   -2.1522
  QMMM:    28       28      C       -1.2941   -3.5378   -3.2326
  QMMM:    29       29      C        6.5188   -2.5819    3.4803
  QMMM:    30       30      N       -2.0812    0.0869   -0.7778
  QMMM:    31       31      N        1.4083    0.8543   -1.5876
  QMMM:    32       32      O       -1.6410   -0.5310    1.3883
  QMMM:    33       33      O       -0.3946   -3.6080   -4.0747
  QMMM:    34       34      O       -2.2334   -4.5261   -3.2576
  QMMM:    35       35      O       -0.5441    1.9698   -2.1547
  QMMM:    36       36      O        4.0904    0.2787   -1.1639
  QMMM:    37       37      O        6.0663   -2.3891    2.1450
  QMMM:    38       38      H       -3.0902    2.6179    0.0807
  QMMM:    39       39      H       -5.1744    3.7753    0.7427
  QMMM:    40       40      H        1.0252    3.2976   -2.7965
  QMMM:    41       41      H        4.0147    2.2580    0.7316
  QMMM:    42       42      H        4.8222    1.9548    3.0736
  QMMM:    43       43      H        5.7969   -0.2065    3.8041
  QMMM:    44       44      H        5.1747   -1.8300   -0.1862
  QMMM:    45       45      H        2.8157    4.8917   -3.3622
  QMMM:    46       46      H        5.2056    4.3772   -2.8554
  QMMM:    47       47      H        5.7974    2.2036   -1.7494
  QMMM:    48       48      H       -6.9502    2.5536    2.0110
  QMMM:    49       49      H       -3.5339   -1.8584    1.8403
  QMMM:    50       50      H       -5.3277   -3.0543    3.0913
  QMMM:    51       51      H       -7.4332   -1.8836    3.7024
  QMMM:    52       52      H       -7.7678    0.5105    3.0674
  QMMM:    53       53      H       -0.2381   -0.8247   -0.4263
  QMMM:    54       54      H       -1.3790   -0.7137   -3.3321
  QMMM:    55       55      H        0.2124   -1.4170   -2.8349
  QMMM:    56       56      H       -1.0995   -2.9558   -1.1989
  QMMM:    57       57      H       -2.6183   -2.3833   -2.0034
  QMMM:    58       58      H        7.3513   -1.8768    3.7203
  QMMM:    59       59      H        5.6775   -2.4566    4.2044
  QMMM:    60       60      H        6.8851   -3.6399    3.4791
  QMMM:    61       61      H       -2.5976    0.7078   -1.3624
  QMMM:    62       62      H        1.7747    0.0048   -1.2088
  QMMM:    63       63      H       -2.0247   -5.1568   -3.9664

           --------- Calculation Completed ----------

